{"level":30,"time":"2024-05-24T10:35:37.663Z","msg":"Profile Service initialized"}
{"level":30,"time":"2024-05-24T10:35:37.737Z","msg":"libsignal net environment resolved to [Production]"}
{"level":30,"time":"2024-05-24T10:35:37.747Z","msg":"preload complete"}
{"level":30,"time":"2024-05-24T10:35:37.747Z","msg":"@signalapp/libsignal-client Initializing libsignal version:0.45.0 signal_node::logging rust/bridge/node/src/logging.rs:136"}
{"level":30,"time":"2024-05-24T10:35:37.765Z","msg":"NotificationService initialized"}
{"level":30,"time":"2024-05-24T10:35:37.768Z","msg":"initializeMessageCounter: picking stored counter"}
{"level":30,"time":"2024-05-24T10:35:37.768Z","msg":"Our profile key service: initializing"}
{"level":30,"time":"2024-05-24T10:35:37.768Z","msg":"background page reloaded"}
{"level":30,"time":"2024-05-24T10:35:37.768Z","msg":"environment: production"}
{"level":30,"time":"2024-05-24T10:35:37.769Z","msg":"Checking for the existence of IndexedDB data..."}
{"level":30,"time":"2024-05-24T10:35:37.783Z","msg":"Storage fetch"}
{"level":40,"time":"2024-05-24T10:35:37.785Z","msg":"SocketManager authenticate was called without credentials"}
{"level":30,"time":"2024-05-24T10:35:37.785Z","msg":"Initializing MessageReceiver"}
{"level":30,"time":"2024-05-24T10:35:37.785Z","msg":"Sender certificate service initialized"}
{"level":30,"time":"2024-05-24T10:35:37.795Z","msg":"Starting background data migration. Target version: 11"}
{"level":30,"time":"2024-05-24T10:35:37.798Z","msg":"GET (WS) https://chat.signal.org/v1/config"}
{"level":30,"time":"2024-05-24T10:35:37.799Z","msg":"SocketManager: connecting unauthenticated socket"}
{"level":30,"time":"2024-05-24T10:35:37.799Z","msg":"RetryPlaceholders.constructor: Started with 0 items, lifespan of 3600000"}
{"level":30,"time":"2024-05-24T10:35:37.799Z","msg":"ConversationController: starting initial fetch"}
{"level":30,"time":"2024-05-24T10:35:37.800Z","msg":"SocketManager: connecting unauthenticated socket, transport option [original]"}
{"level":30,"time":"2024-05-24T10:35:37.804Z","msg":"ConversationController: done with initial fetch, got 0 conversations"}
{"level":30,"time":"2024-05-24T10:35:37.806Z","msg":"SignalProtocolStore: Finished caching identityKeys data"}
{"level":30,"time":"2024-05-24T10:35:37.806Z","msg":"SignalProtocolStore: Finished caching kyberPreKeys data"}
{"level":30,"time":"2024-05-24T10:35:37.806Z","msg":"SignalProtocolStore: Finished caching sessions data"}
{"level":30,"time":"2024-05-24T10:35:37.806Z","msg":"SignalProtocolStore: Finished caching preKeys data"}
{"level":30,"time":"2024-05-24T10:35:37.806Z","msg":"SignalProtocolStore: Finished caching senderKeys data"}
{"level":30,"time":"2024-05-24T10:35:37.806Z","msg":"SignalProtocolStore: Finished caching signedPreKeys data"}
{"level":30,"time":"2024-05-24T10:35:37.808Z","msg":"ConversationController.checkForConflicts: starting..."}
{"level":30,"time":"2024-05-24T10:35:37.808Z","msg":"checkForConflicts: complete!"}
{"level":30,"time":"2024-05-24T10:35:37.809Z","msg":"Storage/getItemsState: now preparing copy of items..."}
{"level":30,"time":"2024-05-24T10:35:37.811Z","msg":"conversation job queue: starting to stream jobs"}
{"level":30,"time":"2024-05-24T10:35:37.811Z","msg":"JobQueueDatabaseStore fetching existing jobs for queue \"conversation\""}
{"level":30,"time":"2024-05-24T10:35:37.811Z","msg":"single proto job queue: starting to stream jobs"}
{"level":30,"time":"2024-05-24T10:35:37.811Z","msg":"JobQueueDatabaseStore fetching existing jobs for queue \"single proto\""}
{"level":30,"time":"2024-05-24T10:35:37.811Z","msg":"read sync job queue: starting to stream jobs"}
{"level":30,"time":"2024-05-24T10:35:37.811Z","msg":"JobQueueDatabaseStore fetching existing jobs for queue \"read sync\""}
{"level":30,"time":"2024-05-24T10:35:37.811Z","msg":"view sync job queue: starting to stream jobs"}
{"level":30,"time":"2024-05-24T10:35:37.811Z","msg":"JobQueueDatabaseStore fetching existing jobs for queue \"view sync\""}
{"level":30,"time":"2024-05-24T10:35:37.811Z","msg":"view once open sync job queue: starting to stream jobs"}
{"level":30,"time":"2024-05-24T10:35:37.811Z","msg":"JobQueueDatabaseStore fetching existing jobs for queue \"view once open sync\""}
{"level":30,"time":"2024-05-24T10:35:37.811Z","msg":"remove storage key job queue: starting to stream jobs"}
{"level":30,"time":"2024-05-24T10:35:37.811Z","msg":"JobQueueDatabaseStore fetching existing jobs for queue \"remove storage key\""}
{"level":30,"time":"2024-05-24T10:35:37.811Z","msg":"report spam job queue: starting to stream jobs"}
{"level":30,"time":"2024-05-24T10:35:37.811Z","msg":"JobQueueDatabaseStore fetching existing jobs for queue \"report spam\""}
{"level":30,"time":"2024-05-24T10:35:37.811Z","msg":"challenge: loading 0 challenges"}
{"level":30,"time":"2024-05-24T10:35:37.811Z","msg":"Initializing network observer"}
{"level":30,"time":"2024-05-24T10:35:37.812Z","msg":"BadgeDownloader#checkForFilesToDownload: downloading 0 badge(s)"}
{"level":30,"time":"2024-05-24T10:35:37.812Z","msg":"Expiration start timestamp cleanup: starting..."}
{"level":30,"time":"2024-05-24T10:35:37.812Z","msg":"JobQueueDatabaseStore finished fetching existing 0 jobs for queue \"conversation\""}
{"level":30,"time":"2024-05-24T10:35:37.812Z","msg":"JobQueueDatabaseStore finished fetching existing 0 jobs for queue \"single proto\""}
{"level":30,"time":"2024-05-24T10:35:37.812Z","msg":"JobQueueDatabaseStore finished fetching existing 0 jobs for queue \"read sync\""}
{"level":30,"time":"2024-05-24T10:35:37.812Z","msg":"JobQueueDatabaseStore finished fetching existing 0 jobs for queue \"view sync\""}
{"level":30,"time":"2024-05-24T10:35:37.812Z","msg":"JobQueueDatabaseStore finished fetching existing 0 jobs for queue \"view once open sync\""}
{"level":30,"time":"2024-05-24T10:35:37.812Z","msg":"JobQueueDatabaseStore finished fetching existing 0 jobs for queue \"remove storage key\""}
{"level":30,"time":"2024-05-24T10:35:37.812Z","msg":"JobQueueDatabaseStore finished fetching existing 0 jobs for queue \"report spam\""}
{"level":30,"time":"2024-05-24T10:35:37.813Z","msg":"Expiration start timestamp cleanup: Found 0 messages for cleanup"}
{"level":30,"time":"2024-05-24T10:35:37.813Z","msg":"Expiration start timestamp cleanup: Cancelling update; we don't have our own UUID"}
{"level":30,"time":"2024-05-24T10:35:37.813Z","msg":"Expiration start timestamp cleanup: complete"}
{"level":30,"time":"2024-05-24T10:35:37.813Z","msg":"listening for registration events"}
{"level":30,"time":"2024-05-24T10:35:37.818Z","msg":"Build expires (local): 2024-08-13T19:54:57.000Z"}
{"level":30,"time":"2024-05-24T10:35:37.821Z","msg":"afterStart(): emitting app-ready-for-processing"}
{"level":30,"time":"2024-05-24T10:35:37.821Z","msg":"MessageReceiver.reset"}
{"level":30,"time":"2024-05-24T10:35:37.821Z","msg":"MessageReceiver.addCachedMessagesToQueue"}
{"level":30,"time":"2024-05-24T10:35:37.821Z","msg":"getAllFromCache"}
{"level":30,"time":"2024-05-24T10:35:37.822Z","msg":"InstallScreen/getQRCode: race to 10000ms"}
{"level":30,"time":"2024-05-24T10:35:37.823Z","msg":"getAllFromCache - 0 unprocessed"}
{"level":30,"time":"2024-05-24T10:35:37.823Z","msg":"getAllFromCache - done retrieving 0 unprocessed"}
{"level":30,"time":"2024-05-24T10:35:37.823Z","msg":"MessageReceiver.queueAllCached - finished"}
{"level":30,"time":"2024-05-24T10:35:38.404Z","msg":"NotificationService: clearing notification and requesting an update"}
{"level":40,"time":"2024-05-24T10:35:38.555Z","msg":"createHTTPSAgent.createConnection(chat.signal.org): connected to IPv4 addr after 731ms (attempts v4=1 v6=1)"}
{"level":40,"time":"2024-05-24T10:35:38.556Z","msg":"createHTTPSAgent.createConnection(chat.signal.org): connected to IPv4 addr after 727ms (attempts v4=1 v6=1)"}
{"level":30,"time":"2024-05-24T10:35:38.669Z","msg":"WebSocketResource(unauthenticated) connected in 869.4ms"}
{"level":30,"time":"2024-05-24T10:35:38.670Z","msg":"SocketManager: connected unauthenticated socket (localPort: 42598)"}
{"level":30,"time":"2024-05-24T10:35:38.670Z","msg":"SocketManager: starting expiration timer for unauthenticated socket"}
{"level":30,"time":"2024-05-24T10:35:38.671Z","msg":"WebSocketResource(provisioning) connected in 849.0ms"}
{"level":30,"time":"2024-05-24T10:35:38.671Z","msg":"provisioning socket open"}
{"level":50,"time":"2024-05-24T10:35:38.782Z","msg":"Got 401 from Signal Server. We might be unlinked."}
{"level":50,"time":"2024-05-24T10:35:38.782Z","msg":"GET (WS) https://chat.signal.org/v1/config 401 Error"}
{"level":40,"time":"2024-05-24T10:35:38.782Z","msg":"registerForActive: Failed to to refresh remote config. Code: 401"}
{"level":50,"time":"2024-05-24T10:35:38.782Z","msg":"Top-level unhandled promise rejection: HTTPError: promiseAjax: error response; code: 401\n    at makeHTTPError ([REDACTED]/resources/app.asar/preload.bundle.js:90:951)\n    at _promiseAjax ([REDACTED]/resources/app.asar/preload.bundle.js:90:111)\n    at process.processTicksAndRejections (node:internal/process/task_queues:95:5)\n    at async _retryAjax ([REDACTED]/resources/app.asar/preload.bundle.js:90:696)\n    at async Q ([REDACTED]/resources/app.asar/preload.bundle.js:90:6618)\n    at async Object.Ge [as getConfig] ([REDACTED]/resources/app.asar/preload.bundle.js:90:7769)\n    at async refreshRemoteConfig ([REDACTED]/resources/app.asar/preload.bundle.js:64:7496)\nOriginal stack:\nError\n    at _outerAjax ([REDACTED]/resources/app.asar/preload.bundle.js:90:867)\n    at Q ([REDACTED]/resources/app.asar/preload.bundle.js:90:6624)\n    at Object.Ge [as getConfig] ([REDACTED]/resources/app.asar/preload.bundle.js:90:7775)\n    at refreshRemoteConfig ([REDACTED]/resources/app.asar/preload.bundle.js:64:7504)\n    at invokeFunc ([REDACTED]/resources/app.asar/preload.bundle.js:3:14288)\n    at leadingEdge ([REDACTED]/resources/app.asar/preload.bundle.js:3:14367)\n    at debounced ([REDACTED]/resources/app.asar/preload.bundle.js:3:14949)\n    at Object.initRemoteConfig ([REDACTED]/resources/app.asar/preload.bundle.js:64:6395)\n    at [REDACTED]/resources/app.asar/preload.bundle.js:164:13978\nCaused by: undefined"}
{"level":30,"time":"2024-05-24T10:35:38.817Z","msg":"checkExpiringMessages: checking for expiring messages"}
{"level":30,"time":"2024-05-24T10:35:38.818Z","msg":"checkExpiringMessages: found no messages to expire"}
{"level":30,"time":"2024-05-24T10:35:39.405Z","msg":"NotificationService not updating notifications. Notifications are disabled; app is focused; there is no notification data"}
{"level":30,"time":"2024-05-24T10:36:08.688Z","msg":"WebSocketResources.KeepAlive(provisioning).send: Sending a keepalive message"}
{"level":30,"time":"2024-05-24T10:36:08.781Z","msg":"WebSocketResources.KeepAlive(unauthenticated).send: Sending a keepalive message"}
{"level":30,"time":"2024-05-24T10:36:38.828Z","msg":"WebSocketResources.KeepAlive(provisioning).send: Sending a keepalive message"}
{"level":30,"time":"2024-05-24T10:36:38.892Z","msg":"WebSocketResources.KeepAlive(unauthenticated).send: Sending a keepalive message"}
{"level":30,"time":"2024-05-24T10:37:08.968Z","msg":"WebSocketResources.KeepAlive(provisioning).send: Sending a keepalive message"}
{"level":30,"time":"2024-05-24T10:37:09.003Z","msg":"WebSocketResources.KeepAlive(unauthenticated).send: Sending a keepalive message"}
{"level":30,"time":"2024-05-24T10:37:39.108Z","msg":"WebSocketResources.KeepAlive(provisioning).send: Sending a keepalive message"}
{"level":30,"time":"2024-05-24T10:37:39.114Z","msg":"WebSocketResources.KeepAlive(unauthenticated).send: Sending a keepalive message"}
{"level":30,"time":"2024-05-24T10:38:09.248Z","msg":"WebSocketResources.KeepAlive(provisioning).send: Sending a keepalive message"}
{"level":30,"time":"2024-05-24T10:38:09.248Z","msg":"WebSocketResources.KeepAlive(unauthenticated).send: Sending a keepalive message"}
{"level":30,"time":"2024-05-24T10:38:39.388Z","msg":"WebSocketResources.KeepAlive(unauthenticated).send: Sending a keepalive message"}
{"level":30,"time":"2024-05-24T10:38:39.388Z","msg":"WebSocketResources.KeepAlive(provisioning).send: Sending a keepalive message"}
{"level":30,"time":"2024-05-24T10:39:09.528Z","msg":"WebSocketResources.KeepAlive(unauthenticated).send: Sending a keepalive message"}
{"level":30,"time":"2024-05-24T10:39:09.528Z","msg":"WebSocketResources.KeepAlive(provisioning).send: Sending a keepalive message"}
{"level":30,"time":"2024-05-24T10:39:39.668Z","msg":"WebSocketResources.KeepAlive(unauthenticated).send: Sending a keepalive message"}
{"level":30,"time":"2024-05-24T10:39:39.668Z","msg":"WebSocketResources.KeepAlive(provisioning).send: Sending a keepalive message"}
{"level":30,"time":"2024-05-24T10:39:42.201Z","msg":"NotificationService: clearing notification and requesting an update"}
{"level":40,"time":"2024-05-24T10:39:42.201Z","msg":"registerForActive: Failed to to refresh remote config. Code: 401"}
{"level":30,"time":"2024-05-24T10:39:42.302Z","msg":"Requesting close confirmation."}
{"level":30,"time":"2024-05-24T10:39:42.303Z","msg":"background/shutdown"}
{"level":40,"time":"2024-05-24T10:39:42.303Z","msg":"cancelInflightRequests/shutdown: Cancelling 0 requests"}
{"level":40,"time":"2024-05-24T10:39:42.303Z","msg":"cancelInflightRequests/shutdown: Done"}
{"level":30,"time":"2024-05-24T10:39:42.303Z","msg":"background/shutdown: shutting down messageReceiver"}
{"level":30,"time":"2024-05-24T10:39:42.303Z","msg":"MessageReceiver.stopProcessing"}
{"level":30,"time":"2024-05-24T10:39:42.303Z","msg":"batcher#waitForAllBatchers"}
{"level":30,"time":"2024-05-24T10:39:42.303Z","msg":"Flushing sql.Client.updateConversationBatcher batcher items.length=0"}
{"level":30,"time":"2024-05-24T10:39:42.303Z","msg":"Flushing complete sql.Client.updateConversationBatcher for batcher"}
{"level":30,"time":"2024-05-24T10:39:42.303Z","msg":"Flushing messageBatcher.updateMessageBatcher batcher items.length=0"}
{"level":30,"time":"2024-05-24T10:39:42.303Z","msg":"Flushing complete messageBatcher.updateMessageBatcher for batcher"}
{"level":30,"time":"2024-05-24T10:39:42.303Z","msg":"Flushing Whisper.deliveryReceiptBatcher batcher items.length=0"}
{"level":30,"time":"2024-05-24T10:39:42.303Z","msg":"Flushing complete Whisper.deliveryReceiptBatcher for batcher"}
{"level":30,"time":"2024-05-24T10:39:42.303Z","msg":"Flushing respondWithProfileKeyBatcher batcher items.length=0"}
{"level":30,"time":"2024-05-24T10:39:42.303Z","msg":"Flushing complete respondWithProfileKeyBatcher for batcher"}
{"level":30,"time":"2024-05-24T10:39:42.303Z","msg":"Flushing MessageReceiver.decryptAndCacheBatcher batcher items.length=0"}
{"level":30,"time":"2024-05-24T10:39:42.303Z","msg":"Flushing complete MessageReceiver.decryptAndCacheBatcher for batcher"}
{"level":30,"time":"2024-05-24T10:39:42.303Z","msg":"Flushing MessageReceiver.cacheRemoveBatcher batcher items.length=0"}
{"level":30,"time":"2024-05-24T10:39:42.303Z","msg":"Flushing complete MessageReceiver.cacheRemoveBatcher for batcher"}
{"level":30,"time":"2024-05-24T10:39:42.303Z","msg":"Flushing changedConvoBatcher batcher items.length=0"}
{"level":30,"time":"2024-05-24T10:39:42.303Z","msg":"Flushing complete changedConvoBatcher for batcher"}
{"level":30,"time":"2024-05-24T10:39:42.303Z","msg":"background/shutdown: flushing conversations"}
{"level":30,"time":"2024-05-24T10:39:42.303Z","msg":"Sleeper: shutting down, settling 0 in-progress sleep calls"}
{"level":30,"time":"2024-05-24T10:39:42.303Z","msg":"Sleeper: sleep tasks settled"}
{"level":30,"time":"2024-05-24T10:39:42.303Z","msg":"background/shutdown: shutting down queues"}
{"level":30,"time":"2024-05-24T10:39:42.303Z","msg":"StartupQueue: Waiting for 0 tasks to drain"}
{"level":30,"time":"2024-05-24T10:39:42.304Z","msg":"conversation job queue: shutdown: stop accepting new work and drain 0 promise queues"}
{"level":30,"time":"2024-05-24T10:39:42.304Z","msg":"single proto job queue: shutdown: stop accepting new work and drain 1 promise queues"}
{"level":30,"time":"2024-05-24T10:39:42.304Z","msg":"read sync job queue: shutdown: stop accepting new work and drain 1 promise queues"}
{"level":30,"time":"2024-05-24T10:39:42.304Z","msg":"view sync job queue: shutdown: stop accepting new work and drain 1 promise queues"}
{"level":30,"time":"2024-05-24T10:39:42.304Z","msg":"view once open sync job queue: shutdown: stop accepting new work and drain 1 promise queues"}
{"level":30,"time":"2024-05-24T10:39:42.304Z","msg":"remove storage key job queue: shutdown: stop accepting new work and drain 1 promise queues"}
{"level":30,"time":"2024-05-24T10:39:42.304Z","msg":"report spam job queue: shutdown: stop accepting new work and drain 1 promise queues"}
{"level":30,"time":"2024-05-24T10:39:42.304Z","msg":"conversation job queue: shutdown: complete"}
{"level":30,"time":"2024-05-24T10:39:42.304Z","msg":"single proto job queue: shutdown: complete"}
{"level":30,"time":"2024-05-24T10:39:42.304Z","msg":"read sync job queue: shutdown: complete"}
{"level":30,"time":"2024-05-24T10:39:42.304Z","msg":"view sync job queue: shutdown: complete"}
{"level":30,"time":"2024-05-24T10:39:42.304Z","msg":"view once open sync job queue: shutdown: complete"}
{"level":30,"time":"2024-05-24T10:39:42.304Z","msg":"remove storage key job queue: shutdown: complete"}
{"level":30,"time":"2024-05-24T10:39:42.304Z","msg":"report spam job queue: shutdown: complete"}
{"level":30,"time":"2024-05-24T10:39:42.304Z","msg":"background/shutdown: shutting down conversation queues"}
{"level":30,"time":"2024-05-24T10:39:42.304Z","msg":"conversation [REDACTED]111 ([REDACTED]742) jobQueue shutdown start"}
{"level":30,"time":"2024-05-24T10:39:42.304Z","msg":"conversation [REDACTED]111 ([REDACTED]742) no jobQueue to shutdown"}
{"level":30,"time":"2024-05-24T10:39:42.304Z","msg":"background/shutdown: all queues shutdown"}
{"level":30,"time":"2024-05-24T10:39:42.304Z","msg":"background/shutdown: waiting for all batchers"}
{"level":30,"time":"2024-05-24T10:39:42.304Z","msg":"batcher#waitForAllBatchers"}
{"level":30,"time":"2024-05-24T10:39:42.304Z","msg":"Flushing sql.Client.updateConversationBatcher batcher items.length=0"}
{"level":30,"time":"2024-05-24T10:39:42.304Z","msg":"Flushing complete sql.Client.updateConversationBatcher for batcher"}
{"level":30,"time":"2024-05-24T10:39:42.304Z","msg":"Flushing messageBatcher.updateMessageBatcher batcher items.length=0"}
{"level":30,"time":"2024-05-24T10:39:42.304Z","msg":"Flushing complete messageBatcher.updateMessageBatcher for batcher"}
{"level":30,"time":"2024-05-24T10:39:42.304Z","msg":"Flushing Whisper.deliveryReceiptBatcher batcher items.length=0"}
{"level":30,"time":"2024-05-24T10:39:42.304Z","msg":"Flushing complete Whisper.deliveryReceiptBatcher for batcher"}
{"level":30,"time":"2024-05-24T10:39:42.304Z","msg":"Flushing respondWithProfileKeyBatcher batcher items.length=0"}
{"level":30,"time":"2024-05-24T10:39:42.304Z","msg":"Flushing complete respondWithProfileKeyBatcher for batcher"}
{"level":30,"time":"2024-05-24T10:39:42.304Z","msg":"Flushing MessageReceiver.decryptAndCacheBatcher batcher items.length=0"}
{"level":30,"time":"2024-05-24T10:39:42.304Z","msg":"Flushing complete MessageReceiver.decryptAndCacheBatcher for batcher"}
{"level":30,"time":"2024-05-24T10:39:42.304Z","msg":"Flushing MessageReceiver.cacheRemoveBatcher batcher items.length=0"}
{"level":30,"time":"2024-05-24T10:39:42.304Z","msg":"Flushing complete MessageReceiver.cacheRemoveBatcher for batcher"}
{"level":30,"time":"2024-05-24T10:39:42.304Z","msg":"Flushing changedConvoBatcher batcher items.length=0"}
{"level":30,"time":"2024-05-24T10:39:42.304Z","msg":"Flushing complete changedConvoBatcher for batcher"}
{"level":30,"time":"2024-05-24T10:39:42.304Z","msg":"waitBatcher#waitForAllWaitBatchers"}
{"level":30,"time":"2024-05-24T10:39:42.304Z","msg":"background/shutdown: waiting for all attachment downloads to finish"}
{"level":30,"time":"2024-05-24T10:39:42.304Z","msg":"AttachmentDownloadManager/stopping"}
{"level":30,"time":"2024-05-24T10:39:42.304Z","msg":"background/shutdown: closing the database"}
{"level":30,"time":"2024-05-24T10:39:42.304Z","msg":"Client.shutdown"}
{"level":30,"time":"2024-05-24T10:39:42.304Z","msg":"data.shutdown: shutdown requested. 0 jobs outstanding"}
{"level":30,"time":"2024-05-24T10:39:42.312Z","msg":"NotificationService: clearing notification and updating"}
{"level":30,"time":"2024-05-24T10:39:42.312Z","msg":"NotificationService not updating notifications. Notifications are disabled; app is not focused; there is no notification data"}
